<?xml version="1.0" encoding="UTF-8"?>
<!-- Generated by org.testng.reporters.JUnitXMLReporter -->
<testsuite ignored="4" hostname="Shaheens-iMac.lan" failures="1" tests="1" name="Default test" time="93.836" errors="0" timestamp="2023-06-02T23:58:20 EDT">
  <testcase classname="com.pageTest.HomepageTest" name="ClickOnCheckOutandOrderSummaryPopup" time="61.661">
    <failure type="org.openqa.selenium.NoSuchFrameException" message="No frame element found by name or id snap-midtrans
Build info: version: &amp;apos;4.8.1&amp;apos;, revision: &amp;apos;8ebccac989&amp;apos;
System info: os.name: &amp;apos;Mac OS X&amp;apos;, os.arch: &amp;apos;x86_64&amp;apos;, os.version: &amp;apos;12.2.1&amp;apos;, java.version: &amp;apos;18.0.1.1&amp;apos;
Driver info: driver.version: unknown">
      <![CDATA[org.openqa.selenium.NoSuchFrameException: No frame element found by name or id snap-midtrans
Build info: version: '4.8.1', revision: '8ebccac989'
System info: os.name: 'Mac OS X', os.arch: 'x86_64', os.version: '12.2.1', java.version: '18.0.1.1'
Driver info: driver.version: unknown
at org.openqa.selenium.remote.RemoteWebDriver$RemoteTargetLocator.frame(RemoteWebDriver.java:1015)
at com.pages.Homepage.OrderSummary_value_verify(Homepage.java:174)
at com.pageTest.HomepageTest.ClickOnCheckOutandOrderSummaryPopup(HomepageTest.java:95)
at java.base/jdk.internal.reflect.DirectMethodHandleAccessor.invoke(DirectMethodHandleAccessor.java:104)
at java.base/java.lang.reflect.Method.invoke(Method.java:577)
at org.testng.internal.MethodInvocationHelper.invokeMethod(MethodInvocationHelper.java:133)
at org.testng.internal.TestInvoker.invokeMethod(TestInvoker.java:598)
at org.testng.internal.TestInvoker.invokeTestMethod(TestInvoker.java:173)
at org.testng.internal.MethodRunner.runInSequence(MethodRunner.java:46)
at org.testng.internal.TestInvoker$MethodInvocationAgent.invoke(TestInvoker.java:824)
at org.testng.internal.TestInvoker.invokeTestMethods(TestInvoker.java:146)
at org.testng.internal.TestMethodWorker.invokeTestMethods(TestMethodWorker.java:146)
at org.testng.internal.TestMethodWorker.run(TestMethodWorker.java:128)
at java.base/java.util.ArrayList.forEach(ArrayList.java:1511)
at org.testng.TestRunner.privateRun(TestRunner.java:794)
at org.testng.TestRunner.run(TestRunner.java:596)
at org.testng.SuiteRunner.runTest(SuiteRunner.java:377)
at org.testng.SuiteRunner.runSequentially(SuiteRunner.java:371)
at org.testng.SuiteRunner.privateRun(SuiteRunner.java:332)
at org.testng.SuiteRunner.run(SuiteRunner.java:276)
at org.testng.SuiteRunnerWorker.runSuite(SuiteRunnerWorker.java:53)
at org.testng.SuiteRunnerWorker.run(SuiteRunnerWorker.java:96)
at org.testng.TestNG.runSuitesSequentially(TestNG.java:1212)
at org.testng.TestNG.runSuitesLocally(TestNG.java:1134)
at org.testng.TestNG.runSuites(TestNG.java:1063)
at org.testng.TestNG.run(TestNG.java:1031)
at org.testng.remote.AbstractRemoteTestNG.run(AbstractRemoteTestNG.java:115)
at org.testng.remote.RemoteTestNG.initAndRun(RemoteTestNG.java:251)
at org.testng.remote.RemoteTestNG.main(RemoteTestNG.java:77)
]]>
    </failure>
  </testcase> <!-- ClickOnCheckOutandOrderSummaryPopup -->
  <testcase classname="com.pageTest.HomepageTest" name="VerifyInputEditableOrNot" time="0.0">
    <ignored/>
  </testcase> <!-- VerifyInputEditableOrNot -->
  <testcase classname="com.pageTest.HomepageTest" name="VerifyCheckOutInputs" time="0.0">
    <ignored/>
  </testcase> <!-- VerifyCheckOutInputs -->
  <testcase classname="com.pageTest.HomepageTest" name="VerifYcheckOutWindow" time="0.0">
    <ignored/>
  </testcase> <!-- VerifYcheckOutWindow -->
  <testcase classname="com.pageTest.HomepageTest" name="VerifyProductAndPrice" time="0.0">
    <ignored/>
  </testcase> <!-- VerifyProductAndPrice -->
</testsuite> <!-- Default test -->
